2013/06/06 14:59:37 [error] [php] Undefined variable: users (/usr/share/nginx/www/blog/protected/components/UserIdentity.php:13)
Stack trace:
#0 /usr/share/nginx/www/yii-test/framework/validators/CValidator.php(213): CInlineValidator->validateAttribute()
#1 /usr/share/nginx/www/yii-test/framework/base/CModel.php(159): CInlineValidator->validate()
#2 /usr/share/nginx/www/blog/protected/controllers/SiteController.php(94): LoginForm->validate()
#3 /usr/share/nginx/www/yii-test/framework/web/actions/CInlineAction.php(49): SiteController->actionLogin()
#4 /usr/share/nginx/www/yii-test/framework/web/CController.php(308): CInlineAction->runWithParams()
#5 /usr/share/nginx/www/yii-test/framework/web/CController.php(286): SiteController->runAction()
#6 /usr/share/nginx/www/yii-test/framework/web/CController.php(265): SiteController->runActionWithFilters()
#7 /usr/share/nginx/www/yii-test/framework/web/CWebApplication.php(282): SiteController->run()
#8 /usr/share/nginx/www/yii-test/framework/web/CWebApplication.php(141): CWebApplication->runController()
#9 /usr/share/nginx/www/yii-test/framework/base/CApplication.php(169): CWebApplication->processRequest()
#10 /usr/share/nginx/www/blog/index.php(13): CWebApplication->run()
REQUEST_URI=/index.php?r=site/login
in /usr/share/nginx/www/blog/protected/components/UserIdentity.php (13)
in /usr/share/nginx/www/blog/protected/models/LoginForm.php (52)
in /usr/share/nginx/www/blog/protected/controllers/SiteController.php (94)
2013/06/06 15:47:03 [error] [exception.CException] exception 'CException' with message 'Property "User.title" is not defined.' in /usr/share/nginx/www/yii-test/framework/base/CComponent.php:130
Stack trace:
#0 /usr/share/nginx/www/yii-test/framework/db/ar/CActiveRecord.php(143): CComponent->__get('title')
#1 /usr/share/nginx/www/blog/protected/components/UserIdentity.php(28): CActiveRecord->__get('title')
#2 /usr/share/nginx/www/blog/protected/models/LoginForm.php(52): UserIdentity->authenticate()
#3 /usr/share/nginx/www/yii-test/framework/validators/CInlineValidator.php(42): LoginForm->authenticate('password', Array)
#4 /usr/share/nginx/www/yii-test/framework/validators/CValidator.php(213): CInlineValidator->validateAttribute(Object(LoginForm), 'password')
#5 /usr/share/nginx/www/yii-test/framework/base/CModel.php(159): CValidator->validate(Object(LoginForm), NULL)
#6 /usr/share/nginx/www/blog/protected/controllers/SiteController.php(94): CModel->validate()
#7 /usr/share/nginx/www/yii-test/framework/web/actions/CInlineAction.php(49): SiteController->actionLogin()
#8 /usr/share/nginx/www/yii-test/framework/web/CController.php(308): CInlineAction->runWithParams(Array)
#9 /usr/share/nginx/www/yii-test/framework/web/CController.php(286): CController->runAction(Object(CInlineAction))
#10 /usr/share/nginx/www/yii-test/framework/web/CController.php(265): CController->runActionWithFilters(Object(CInlineAction), Array)
#11 /usr/share/nginx/www/yii-test/framework/web/CWebApplication.php(282): CController->run('login')
#12 /usr/share/nginx/www/yii-test/framework/web/CWebApplication.php(141): CWebApplication->runController('site/login')
#13 /usr/share/nginx/www/yii-test/framework/base/CApplication.php(169): CWebApplication->processRequest()
#14 /usr/share/nginx/www/blog/index.php(13): CApplication->run()
#15 {main}
REQUEST_URI=/index.php?r=site/login
HTTP_REFERER=http://www.asfaquz-blog.com/index.php?r=site/login
---
2013/06/11 13:36:31 [error] [php] Invalid argument supplied for foreach() (/usr/share/nginx/www/yii-test/framework/db/ar/CActiveRecord.php:2335)
Stack trace:
#0 /usr/share/nginx/www/yii-test/framework/db/ar/CActiveRecord.php(77): Contact->getMetaData()
#1 /usr/share/nginx/www/blog/protected/models/ContactForm.php(45): Contact->__construct()
#2 /usr/share/nginx/www/blog/protected/controllers/SiteController.php(68): ContactForm->saveContact()
#3 /usr/share/nginx/www/yii-test/framework/web/actions/CInlineAction.php(49): SiteController->actionContact()
#4 /usr/share/nginx/www/yii-test/framework/web/CController.php(308): CInlineAction->runWithParams()
#5 /usr/share/nginx/www/yii-test/framework/web/CController.php(286): SiteController->runAction()
#6 /usr/share/nginx/www/yii-test/framework/web/CController.php(265): SiteController->runActionWithFilters()
#7 /usr/share/nginx/www/yii-test/framework/web/CWebApplication.php(282): SiteController->run()
#8 /usr/share/nginx/www/yii-test/framework/web/CWebApplication.php(141): CWebApplication->runController()
#9 /usr/share/nginx/www/yii-test/framework/base/CApplication.php(169): CWebApplication->processRequest()
#10 /usr/share/nginx/www/blog/index.php(13): CWebApplication->run()
REQUEST_URI=/index.php?r=site/contact
in /usr/share/nginx/www/blog/protected/models/ContactForm.php (45)
in /usr/share/nginx/www/blog/protected/controllers/SiteController.php (68)
in /usr/share/nginx/www/blog/index.php (13)
2013/06/11 13:38:01 [error] [php] Creating default object from empty value (/usr/share/nginx/www/blog/protected/models/ContactForm.php:47)
Stack trace:
#0 /usr/share/nginx/www/yii-test/framework/web/CController.php(308): CInlineAction->runWithParams()
#1 /usr/share/nginx/www/yii-test/framework/web/CController.php(286): SiteController->runAction()
#2 /usr/share/nginx/www/yii-test/framework/web/CController.php(265): SiteController->runActionWithFilters()
#3 /usr/share/nginx/www/yii-test/framework/web/CWebApplication.php(282): SiteController->run()
#4 /usr/share/nginx/www/yii-test/framework/web/CWebApplication.php(141): CWebApplication->runController()
#5 /usr/share/nginx/www/yii-test/framework/base/CApplication.php(169): CWebApplication->processRequest()
#6 /usr/share/nginx/www/blog/index.php(13): CWebApplication->run()
REQUEST_URI=/index.php?r=site/contact
in /usr/share/nginx/www/blog/protected/models/ContactForm.php (47)
in /usr/share/nginx/www/blog/protected/controllers/SiteController.php (68)
in /usr/share/nginx/www/blog/index.php (13)
2013/06/11 13:38:39 [error] [php] Creating default object from empty value (/usr/share/nginx/www/blog/protected/models/ContactForm.php:47)
Stack trace:
#0 /usr/share/nginx/www/yii-test/framework/web/CController.php(308): CInlineAction->runWithParams()
#1 /usr/share/nginx/www/yii-test/framework/web/CController.php(286): SiteController->runAction()
#2 /usr/share/nginx/www/yii-test/framework/web/CController.php(265): SiteController->runActionWithFilters()
#3 /usr/share/nginx/www/yii-test/framework/web/CWebApplication.php(282): SiteController->run()
#4 /usr/share/nginx/www/yii-test/framework/web/CWebApplication.php(141): CWebApplication->runController()
#5 /usr/share/nginx/www/yii-test/framework/base/CApplication.php(169): CWebApplication->processRequest()
#6 /usr/share/nginx/www/blog/index.php(13): CWebApplication->run()
REQUEST_URI=/index.php?r=site/contact
in /usr/share/nginx/www/blog/protected/models/ContactForm.php (47)
in /usr/share/nginx/www/blog/protected/controllers/SiteController.php (68)
in /usr/share/nginx/www/blog/index.php (13)
2013/06/11 13:39:17 [error] [php] Creating default object from empty value (/usr/share/nginx/www/blog/protected/models/ContactForm.php:49)
Stack trace:
#0 /usr/share/nginx/www/yii-test/framework/web/CController.php(308): CInlineAction->runWithParams()
#1 /usr/share/nginx/www/yii-test/framework/web/CController.php(286): SiteController->runAction()
#2 /usr/share/nginx/www/yii-test/framework/web/CController.php(265): SiteController->runActionWithFilters()
#3 /usr/share/nginx/www/yii-test/framework/web/CWebApplication.php(282): SiteController->run()
#4 /usr/share/nginx/www/yii-test/framework/web/CWebApplication.php(141): CWebApplication->runController()
#5 /usr/share/nginx/www/yii-test/framework/base/CApplication.php(169): CWebApplication->processRequest()
#6 /usr/share/nginx/www/blog/index.php(13): CWebApplication->run()
REQUEST_URI=/index.php?r=site/contact
in /usr/share/nginx/www/blog/protected/models/ContactForm.php (49)
in /usr/share/nginx/www/blog/protected/controllers/SiteController.php (68)
in /usr/share/nginx/www/blog/index.php (13)
2013/06/11 13:39:26 [error] [php] Creating default object from empty value (/usr/share/nginx/www/blog/protected/models/ContactForm.php:49)
Stack trace:
#0 /usr/share/nginx/www/yii-test/framework/web/CController.php(308): CInlineAction->runWithParams()
#1 /usr/share/nginx/www/yii-test/framework/web/CController.php(286): SiteController->runAction()
#2 /usr/share/nginx/www/yii-test/framework/web/CController.php(265): SiteController->runActionWithFilters()
#3 /usr/share/nginx/www/yii-test/framework/web/CWebApplication.php(282): SiteController->run()
#4 /usr/share/nginx/www/yii-test/framework/web/CWebApplication.php(141): CWebApplication->runController()
#5 /usr/share/nginx/www/yii-test/framework/base/CApplication.php(169): CWebApplication->processRequest()
#6 /usr/share/nginx/www/blog/index.php(13): CWebApplication->run()
REQUEST_URI=/index.php?r=site/contact
in /usr/share/nginx/www/blog/protected/models/ContactForm.php (49)
in /usr/share/nginx/www/blog/protected/controllers/SiteController.php (68)
in /usr/share/nginx/www/blog/index.php (13)
2013/06/17 13:06:34 [error] [php] Creating default object from empty value (/usr/share/nginx/www/blog/protected/models/ContactForm.php:54)
Stack trace:
#0 /usr/share/nginx/www/yii-test/framework/web/CController.php(308): CInlineAction->runWithParams()
#1 /usr/share/nginx/www/yii-test/framework/web/CController.php(286): SiteController->runAction()
#2 /usr/share/nginx/www/yii-test/framework/web/CController.php(265): SiteController->runActionWithFilters()
#3 /usr/share/nginx/www/yii-test/framework/web/CWebApplication.php(282): SiteController->run()
#4 /usr/share/nginx/www/yii-test/framework/web/CWebApplication.php(141): CWebApplication->runController()
#5 /usr/share/nginx/www/yii-test/framework/base/CApplication.php(169): CWebApplication->processRequest()
#6 /usr/share/nginx/www/blog/index.php(13): CWebApplication->run()
REQUEST_URI=/index.php?r=site/contact
in /usr/share/nginx/www/blog/protected/models/ContactForm.php (54)
in /usr/share/nginx/www/blog/protected/controllers/SiteController.php (68)
in /usr/share/nginx/www/blog/index.php (13)
2013/06/17 13:07:33 [error] [php] Creating default object from empty value (/usr/share/nginx/www/blog/protected/models/ContactForm.php:54)
Stack trace:
#0 /usr/share/nginx/www/yii-test/framework/web/CController.php(308): CInlineAction->runWithParams()
#1 /usr/share/nginx/www/yii-test/framework/web/CController.php(286): SiteController->runAction()
#2 /usr/share/nginx/www/yii-test/framework/web/CController.php(265): SiteController->runActionWithFilters()
#3 /usr/share/nginx/www/yii-test/framework/web/CWebApplication.php(282): SiteController->run()
#4 /usr/share/nginx/www/yii-test/framework/web/CWebApplication.php(141): CWebApplication->runController()
#5 /usr/share/nginx/www/yii-test/framework/base/CApplication.php(169): CWebApplication->processRequest()
#6 /usr/share/nginx/www/blog/index.php(13): CWebApplication->run()
REQUEST_URI=/index.php?r=site/contact
in /usr/share/nginx/www/blog/protected/models/ContactForm.php (54)
in /usr/share/nginx/www/blog/protected/controllers/SiteController.php (68)
in /usr/share/nginx/www/blog/index.php (13)
2013/06/17 13:17:53 [error] [exception.CException] exception 'CException' with message 'Property "Contact.subject" is not defined.' in /usr/share/nginx/www/yii-test/framework/base/CComponent.php:173
Stack trace:
#0 /usr/share/nginx/www/yii-test/framework/db/ar/CActiveRecord.php(159): CComponent->__set('subject', 'aa')
#1 /usr/share/nginx/www/blog/protected/models/ContactForm.php(49): CActiveRecord->__set('subject', 'aa')
#2 /usr/share/nginx/www/blog/protected/controllers/SiteController.php(68): ContactForm->saveContact()
#3 /usr/share/nginx/www/yii-test/framework/web/actions/CInlineAction.php(49): SiteController->actionContact()
#4 /usr/share/nginx/www/yii-test/framework/web/CController.php(308): CInlineAction->runWithParams(Array)
#5 /usr/share/nginx/www/yii-test/framework/web/CController.php(286): CController->runAction(Object(CInlineAction))
#6 /usr/share/nginx/www/yii-test/framework/web/CController.php(265): CController->runActionWithFilters(Object(CInlineAction), Array)
#7 /usr/share/nginx/www/yii-test/framework/web/CWebApplication.php(282): CController->run('contact')
#8 /usr/share/nginx/www/yii-test/framework/web/CWebApplication.php(141): CWebApplication->runController('site/contact')
#9 /usr/share/nginx/www/yii-test/framework/base/CApplication.php(169): CWebApplication->processRequest()
#10 /usr/share/nginx/www/blog/index.php(13): CApplication->run()
#11 {main}
REQUEST_URI=/index.php?r=site/contact
HTTP_REFERER=http://www.asfaquz-blog.com/index.php?r=site/contact
---
2013/06/17 13:27:17 [warning] [application] Failed to set unsafe attribute "subject" of "Contact".
in /usr/share/nginx/www/blog/protected/models/ContactForm.php (47)
in /usr/share/nginx/www/blog/protected/controllers/SiteController.php (68)
in /usr/share/nginx/www/blog/index.php (13)
2013/06/17 13:27:17 [warning] [application] Failed to set unsafe attribute "body" of "Contact".
in /usr/share/nginx/www/blog/protected/models/ContactForm.php (47)
in /usr/share/nginx/www/blog/protected/controllers/SiteController.php (68)
in /usr/share/nginx/www/blog/index.php (13)
2013/06/17 13:28:13 [warning] [application] Failed to set unsafe attribute "subject" of "Contact".
in /usr/share/nginx/www/blog/protected/models/ContactForm.php (47)
in /usr/share/nginx/www/blog/protected/controllers/SiteController.php (68)
in /usr/share/nginx/www/blog/index.php (13)
2013/06/17 13:28:13 [warning] [application] Failed to set unsafe attribute "body" of "Contact".
in /usr/share/nginx/www/blog/protected/models/ContactForm.php (47)
in /usr/share/nginx/www/blog/protected/controllers/SiteController.php (68)
in /usr/share/nginx/www/blog/index.php (13)
